<html>
<head>
<title>TestNG:  Test</title>
<link href="../testng.css" rel="stylesheet" type="text/css" />
<link href="../my-testng.css" rel="stylesheet" type="text/css" />

<style type="text/css">
.log { display: none;} 
.stack-trace { display: none;} 
</style>
<script type="text/javascript">
<!--
function flip(e) {
  current = e.style.display;
  if (current == 'block') {
    e.style.display = 'none';
    return 0;
  }
  else {
    e.style.display = 'block';
    return 1;
  }
}

function toggleBox(szDivId, elem, msg1, msg2)
{
  var res = -1;  if (document.getElementById) {
    res = flip(document.getElementById(szDivId));
  }
  else if (document.all) {
    // this is the way old msie versions work
    res = flip(document.all[szDivId]);
  }
  if(elem) {
    if(res == 0) elem.innerHTML = msg1; else elem.innerHTML = msg2;
  }

}

function toggleAllBoxes() {
  if (document.getElementsByTagName) {
    d = document.getElementsByTagName('div');
    for (i = 0; i < d.length; i++) {
      if (d[i].className == 'log') {
        flip(d[i]);
      }
    }
  }
}

// -->
</script>

</head>
<body>
<h2 align='center'>Test</h2><table border='1' align="center">
<tr>
<td>Tests passed/Failed/Skipped:</td><td>10/2/0</td>
</tr><tr>
<td>Started on:</td><td>Mon Dec 23 12:38:55 IST 2024</td>
</tr>
<tr><td>Total time:</td><td>19 seconds (19627 ms)</td>
</tr><tr>
<td>Included groups:</td><td></td>
</tr><tr>
<td>Excluded groups:</td><td></td>
</tr>
</table><p/>
<small><i>(Hover the method name to see the test class name)</i></small><p/>
<table width='100%' border='1' class='invocation-failed'>
<tr><td colspan='4' align='center'><b>FAILED TESTS</b></td></tr>
<tr><td><b>Test method</b></td>
<td width="30%"><b>Exception</b></td>
<td width="10%"><b>Time (seconds)</b></td>
<td><b>Instance</b></td>
</tr>
<tr>
<td title='com.Notes.UpdateNote.update_Notes()'><b>update_Notes</b><br>Test class: com.Notes.UpdateNote</td>
<td><div><pre>java.lang.AssertionError: expected [200] but found [400]
	at com.Notes.UpdateNote.update_Notes(UpdateNote.java:100)
	at java.base/java.util.ArrayList.forEach(ArrayList.java:1596)
... Removed 31 stack frames</pre></div><a href='#' onClick='toggleBox("stack-trace1309459252", this, "Click to show all stack frames", "Click to hide stack frames")'>Click to show all stack frames</a>
<div class='stack-trace' id='stack-trace1309459252'><pre>java.lang.AssertionError: expected [200] but found [400]
	at org.testng.Assert.fail(Assert.java:99)
	at org.testng.Assert.failNotEquals(Assert.java:1037)
	at org.testng.Assert.assertEqualsImpl(Assert.java:140)
	at org.testng.Assert.assertEquals(Assert.java:122)
	at org.testng.Assert.assertEquals(Assert.java:907)
	at org.testng.Assert.assertEquals(Assert.java:917)
	at com.Notes.UpdateNote.update_Notes(UpdateNote.java:100)
	at java.base/jdk.internal.reflect.DirectMethodHandleAccessor.invoke(DirectMethodHandleAccessor.java:103)
	at java.base/java.lang.reflect.Method.invoke(Method.java:580)
	at org.testng.internal.MethodInvocationHelper.invokeMethod(MethodInvocationHelper.java:133)
	at org.testng.internal.TestInvoker.invokeMethod(TestInvoker.java:598)
	at org.testng.internal.TestInvoker.invokeTestMethod(TestInvoker.java:173)
	at org.testng.internal.MethodRunner.runInSequence(MethodRunner.java:46)
	at org.testng.internal.TestInvoker$MethodInvocationAgent.invoke(TestInvoker.java:824)
	at org.testng.internal.TestInvoker.invokeTestMethods(TestInvoker.java:146)
	at org.testng.internal.TestMethodWorker.invokeTestMethods(TestMethodWorker.java:146)
	at org.testng.internal.TestMethodWorker.run(TestMethodWorker.java:128)
	at java.base/java.util.ArrayList.forEach(ArrayList.java:1596)
	at org.testng.TestRunner.privateRun(TestRunner.java:794)
	at org.testng.TestRunner.run(TestRunner.java:596)
	at org.testng.SuiteRunner.runTest(SuiteRunner.java:377)
	at org.testng.SuiteRunner.runSequentially(SuiteRunner.java:371)
	at org.testng.SuiteRunner.privateRun(SuiteRunner.java:332)
	at org.testng.SuiteRunner.run(SuiteRunner.java:276)
	at org.testng.SuiteRunnerWorker.runSuite(SuiteRunnerWorker.java:53)
	at org.testng.SuiteRunnerWorker.run(SuiteRunnerWorker.java:96)
	at org.testng.TestNG.runSuitesSequentially(TestNG.java:1212)
	at org.testng.TestNG.runSuitesLocally(TestNG.java:1134)
	at org.testng.TestNG.runSuites(TestNG.java:1063)
	at org.testng.TestNG.run(TestNG.java:1031)
	at org.testng.remote.AbstractRemoteTestNG.run(AbstractRemoteTestNG.java:115)
	at org.testng.remote.RemoteTestNG.initAndRun(RemoteTestNG.java:293)
	at org.testng.remote.RemoteTestNG.main(RemoteTestNG.java:91)
</pre></div></td>
<td>0</td>
<td>com.Notes.UpdateNote@72d1ad2e</td></tr>
<tr>
<td title='com.Notes.Delete_Notes_Using_UI.DeleteNotes()'><b>DeleteNotes</b><br>Test class: com.Notes.Delete_Notes_Using_UI</td>
<td><div><pre>org.openqa.selenium.ElementClickInterceptedException: element click intercepted: Element &lt;button data-testid=&quot;note-delete&quot; class=&quot;btn btn-outline-danger&quot;&gt;...&lt;/button&gt; is not clickable at point (507, 19). Other element would receive the click: &lt;a class=&quot;nav-link p-2&quot; href=&quot;/tips&quot;&gt;...&lt;/a&gt;
  (Session info: chrome=131.0.6778.205)
Build info: version: &apos;4.20.0&apos;, revision: &apos;866c76ca80&apos;
System info: os.name: &apos;Windows Server 2022&apos;, os.arch: &apos;amd64&apos;, os.version: &apos;10.0&apos;, java.version: &apos;21.0.5&apos;
Driver info: org.openqa.selenium.chrome.ChromeDriver
Command: [6881fb5dbaa9cc50900ce9a0f268afda, clickElement {id=f.9C342A561954CF978296BB748DF965DA.d.B61366A964BC2D63455D9F94B6D9CBFB.e.63}]
Capabilities {acceptInsecureCerts: false, browserName: chrome, browserVersion: 131.0.6778.205, chrome: {chromedriverVersion: 131.0.6778.204 (52183f9e99a..., userDataDir: C:\Windows\SystemTemp\scope...}, fedcm:accounts: true, goog:chromeOptions: {debuggerAddress: localhost:55633}, networkConnectionEnabled: false, pageLoadStrategy: normal, platformName: windows, proxy: Proxy(), se:cdp: ws://localhost:55633/devtoo..., se:cdpVersion: 131.0.6778.205, setWindowRect: true, strictFileInteractability: false, timeouts: {implicit: 0, pageLoad: 300000, script: 30000}, unhandledPromptBehavior: dismiss and notify, webauthn:extension:credBlob: true, webauthn:extension:largeBlob: true, webauthn:extension:minPinLength: true, webauthn:extension:prf: true, webauthn:virtualAuthenticators: true}
Element: [[ChromeDriver: chrome on windows (6881fb5dbaa9cc50900ce9a0f268afda)] -&gt; xpath: //div[text()=&apos;API807&apos;]//following-sibling::div/div/button[normalize-space()=&apos;Delete&apos;]]
Session ID: 6881fb5dbaa9cc50900ce9a0f268afda
	at org.openqa.selenium.remote.ErrorCodec.decode(ErrorCodec.java:167)
	at org.openqa.selenium.remote.codec.w3c.W3CHttpResponseCodec.decode(W3CHttpResponseCodec.java:138)
	at org.openqa.selenium.remote.codec.w3c.W3CHttpResponseCodec.decode(W3CHttpResponseCodec.java:50)
	at org.openqa.selenium.remote.HttpCommandExecutor.execute(HttpCommandExecutor.java:190)
	at org.openqa.selenium.remote.service.DriverCommandExecutor.invokeExecute(DriverCommandExecutor.java:216)
	at org.openqa.selenium.remote.service.DriverCommandExecutor.execute(DriverCommandExecutor.java:174)
	at org.openqa.selenium.remote.RemoteWebDriver.execute(RemoteWebDriver.java:518)
	at org.openqa.selenium.remote.RemoteWebElement.execute(RemoteWebElement.java:223)
	at org.openqa.selenium.remote.RemoteWebElement.click(RemoteWebElement.java:76)
	at com.Notes.Delete_Notes_Using_UI.DeleteNotes(Delete_Notes_Using_UI.java:95)
	at java.base/java.util.ArrayList.forEach(ArrayList.java:1596)
... Removed 28 stack frames</pre></div><a href='#' onClick='toggleBox("stack-trace1507885816", this, "Click to show all stack frames", "Click to hide stack frames")'>Click to show all stack frames</a>
<div class='stack-trace' id='stack-trace1507885816'><pre>org.openqa.selenium.ElementClickInterceptedException: element click intercepted: Element &lt;button data-testid=&quot;note-delete&quot; class=&quot;btn btn-outline-danger&quot;&gt;...&lt;/button&gt; is not clickable at point (507, 19). Other element would receive the click: &lt;a class=&quot;nav-link p-2&quot; href=&quot;/tips&quot;&gt;...&lt;/a&gt;
  (Session info: chrome=131.0.6778.205)
Build info: version: &apos;4.20.0&apos;, revision: &apos;866c76ca80&apos;
System info: os.name: &apos;Windows Server 2022&apos;, os.arch: &apos;amd64&apos;, os.version: &apos;10.0&apos;, java.version: &apos;21.0.5&apos;
Driver info: org.openqa.selenium.chrome.ChromeDriver
Command: [6881fb5dbaa9cc50900ce9a0f268afda, clickElement {id=f.9C342A561954CF978296BB748DF965DA.d.B61366A964BC2D63455D9F94B6D9CBFB.e.63}]
Capabilities {acceptInsecureCerts: false, browserName: chrome, browserVersion: 131.0.6778.205, chrome: {chromedriverVersion: 131.0.6778.204 (52183f9e99a..., userDataDir: C:\Windows\SystemTemp\scope...}, fedcm:accounts: true, goog:chromeOptions: {debuggerAddress: localhost:55633}, networkConnectionEnabled: false, pageLoadStrategy: normal, platformName: windows, proxy: Proxy(), se:cdp: ws://localhost:55633/devtoo..., se:cdpVersion: 131.0.6778.205, setWindowRect: true, strictFileInteractability: false, timeouts: {implicit: 0, pageLoad: 300000, script: 30000}, unhandledPromptBehavior: dismiss and notify, webauthn:extension:credBlob: true, webauthn:extension:largeBlob: true, webauthn:extension:minPinLength: true, webauthn:extension:prf: true, webauthn:virtualAuthenticators: true}
Element: [[ChromeDriver: chrome on windows (6881fb5dbaa9cc50900ce9a0f268afda)] -&gt; xpath: //div[text()=&apos;API807&apos;]//following-sibling::div/div/button[normalize-space()=&apos;Delete&apos;]]
Session ID: 6881fb5dbaa9cc50900ce9a0f268afda
	at java.base/jdk.internal.reflect.DirectConstructorHandleAccessor.newInstance(DirectConstructorHandleAccessor.java:62)
	at java.base/java.lang.reflect.Constructor.newInstanceWithCaller(Constructor.java:502)
	at java.base/java.lang.reflect.Constructor.newInstance(Constructor.java:486)
	at org.openqa.selenium.remote.ErrorCodec.decode(ErrorCodec.java:167)
	at org.openqa.selenium.remote.codec.w3c.W3CHttpResponseCodec.decode(W3CHttpResponseCodec.java:138)
	at org.openqa.selenium.remote.codec.w3c.W3CHttpResponseCodec.decode(W3CHttpResponseCodec.java:50)
	at org.openqa.selenium.remote.HttpCommandExecutor.execute(HttpCommandExecutor.java:190)
	at org.openqa.selenium.remote.service.DriverCommandExecutor.invokeExecute(DriverCommandExecutor.java:216)
	at org.openqa.selenium.remote.service.DriverCommandExecutor.execute(DriverCommandExecutor.java:174)
	at org.openqa.selenium.remote.RemoteWebDriver.execute(RemoteWebDriver.java:518)
	at org.openqa.selenium.remote.RemoteWebElement.execute(RemoteWebElement.java:223)
	at org.openqa.selenium.remote.RemoteWebElement.click(RemoteWebElement.java:76)
	at com.Notes.Delete_Notes_Using_UI.DeleteNotes(Delete_Notes_Using_UI.java:95)
	at java.base/jdk.internal.reflect.DirectMethodHandleAccessor.invoke(DirectMethodHandleAccessor.java:103)
	at java.base/java.lang.reflect.Method.invoke(Method.java:580)
	at org.testng.internal.MethodInvocationHelper.invokeMethod(MethodInvocationHelper.java:133)
	at org.testng.internal.TestInvoker.invokeMethod(TestInvoker.java:598)
	at org.testng.internal.TestInvoker.invokeTestMethod(TestInvoker.java:173)
	at org.testng.internal.MethodRunner.runInSequence(MethodRunner.java:46)
	at org.testng.internal.TestInvoker$MethodInvocationAgent.invoke(TestInvoker.java:824)
	at org.testng.internal.TestInvoker.invokeTestMethods(TestInvoker.java:146)
	at org.testng.internal.TestMethodWorker.invokeTestMethods(TestMethodWorker.java:146)
	at org.testng.internal.TestMethodWorker.run(TestMethodWorker.java:128)
	at java.base/java.util.ArrayList.forEach(ArrayList.java:1596)
	at org.testng.TestRunner.privateRun(TestRunner.java:794)
	at org.testng.TestRunner.run(TestRunner.java:596)
	at org.testng.SuiteRunner.runTest(SuiteRunner.java:377)
	at org.testng.SuiteRunner.runSequentially(SuiteRunner.java:371)
	at org.testng.SuiteRunner.privateRun(SuiteRunner.java:332)
	at org.testng.SuiteRunner.run(SuiteRunner.java:276)
	at org.testng.SuiteRunnerWorker.runSuite(SuiteRunnerWorker.java:53)
	at org.testng.SuiteRunnerWorker.run(SuiteRunnerWorker.java:96)
	at org.testng.TestNG.runSuitesSequentially(TestNG.java:1212)
	at org.testng.TestNG.runSuitesLocally(TestNG.java:1134)
	at org.testng.TestNG.runSuites(TestNG.java:1063)
	at org.testng.TestNG.run(TestNG.java:1031)
	at org.testng.remote.AbstractRemoteTestNG.run(AbstractRemoteTestNG.java:115)
	at org.testng.remote.RemoteTestNG.initAndRun(RemoteTestNG.java:293)
	at org.testng.remote.RemoteTestNG.main(RemoteTestNG.java:91)
</pre></div></td>
<td>10</td>
<td>com.Notes.Delete_Notes_Using_UI@399f45b1</td></tr>
</table><p>
<table width='100%' border='1' class='invocation-passed'>
<tr><td colspan='4' align='center'><b>PASSED TESTS</b></td></tr>
<tr><td><b>Test method</b></td>
<td width="30%"><b>Exception</b></td>
<td width="10%"><b>Time (seconds)</b></td>
<td><b>Instance</b></td>
</tr>
<tr>
<td title='com.Notes.Create_Notes_All_Negative_TCS.createNotes_TCS()'><b>createNotes_TCS</b><br>Test class: com.Notes.Create_Notes_All_Negative_TCS<br>Parameters: Work, Work_API, , Description must be between 4 and 1000 characters</td>
<td></td>
<td>0</td>
<td>com.Notes.Create_Notes_All_Negative_TCS@2d7275fc</td></tr>
<tr>
<td title='com.Notes.CreateToken.getToken()'><b>getToken</b><br>Test class: com.Notes.CreateToken</td>
<td></td>
<td>0</td>
<td>com.Notes.CreateToken@7c729a55</td></tr>
<tr>
<td title='com.Notes.Create_Notes_All_Negative_TCS.createNotes_TCS()'><b>createNotes_TCS</b><br>Test class: com.Notes.Create_Notes_All_Negative_TCS<br>Parameters: , Title, Done for Personal, Category must be one of the categories: Home, Work, Personal</td>
<td></td>
<td>0</td>
<td>com.Notes.Create_Notes_All_Negative_TCS@2d7275fc</td></tr>
<tr>
<td title='com.Notes.CreateNote.createNotes()'><b>createNotes</b><br>Test class: com.Notes.CreateNote</td>
<td></td>
<td>0</td>
<td>com.Notes.CreateNote@595b007d</td></tr>
<tr>
<td title='com.Notes.UpdateNote.createNotes()'><b>createNotes</b><br>Test class: com.Notes.UpdateNote</td>
<td></td>
<td>0</td>
<td>com.Notes.UpdateNote@72d1ad2e</td></tr>
<tr>
<td title='com.Notes.Create_Notes_All_Negative_TCS.createNotes_TCS()'><b>createNotes_TCS</b><br>Test class: com.Notes.Create_Notes_All_Negative_TCS<br>Parameters: Personal, , Done for Personal, Title must be between 4 and 100 characters</td>
<td></td>
<td>0</td>
<td>com.Notes.Create_Notes_All_Negative_TCS@2d7275fc</td></tr>
<tr>
<td title='com.Notes.Create_Notes_All_Negative_TCS.createNotes_TCS()'><b>createNotes_TCS</b><br>Test class: com.Notes.Create_Notes_All_Negative_TCS<br>Parameters: Home, Hom, Done for Home, Title must be between 4 and 100 characters</td>
<td></td>
<td>0</td>
<td>com.Notes.Create_Notes_All_Negative_TCS@2d7275fc</td></tr>
<tr>
<td title='com.Notes.Delete_Notes_Using_UI.createNotes()'><b>createNotes</b><br>Test class: com.Notes.Delete_Notes_Using_UI</td>
<td></td>
<td>0</td>
<td>com.Notes.Delete_Notes_Using_UI@399f45b1</td></tr>
<tr>
<td title='com.Notes.Create_Notes_All_Negative_TCS.createNotes_TCS()'><b>createNotes_TCS</b><br>Test class: com.Notes.Create_Notes_All_Negative_TCS<br>Parameters: Work, Work_API, Des, Description must be between 4 and 1000 characters</td>
<td></td>
<td>0</td>
<td>com.Notes.Create_Notes_All_Negative_TCS@2d7275fc</td></tr>
<tr>
<td title='com.Countries.GetDefaultCountry.getDefaultCountry()'><b>getDefaultCountry</b><br>Test class: com.Countries.GetDefaultCountry</td>
<td></td>
<td>0</td>
<td>com.Countries.GetDefaultCountry@6dc17b83</td></tr>
</table><p>
</body>
</html>