<?xml version="1.0" encoding="UTF-8"?>
<!-- Generated by org.testng.reporters.JUnitXMLReporter -->
<testsuite ignored="0" hostname="EC2AMAZ-EHR6SVV" failures="2" tests="12" name="Test" time="19.627" errors="0" timestamp="2024-12-23T12:39:15 IST">
  <testcase classname="com.Countries.GetDefaultCountry" name="getDefaultCountry" time="0.513"/>
  <testcase classname="com.Notes.CreateToken" name="getToken" time="0.494"/>
  <testcase classname="com.Notes.CreateNote" name="createNotes" time="0.436"/>
  <testcase classname="com.Notes.UpdateNote" name="createNotes" time="0.44"/>
  <testcase classname="com.Notes.UpdateNote" name="update_Notes" time="0.347">
    <failure type="java.lang.AssertionError" message="expected [200] but found [400]">
      <![CDATA[java.lang.AssertionError: expected [200] but found [400]
at com.Notes.UpdateNote.update_Notes(UpdateNote.java:100)
at java.base/java.util.ArrayList.forEach(ArrayList.java:1596)
... Removed 31 stack frames]]>
    </failure>
  </testcase> <!-- update_Notes -->
  <testcase classname="com.Notes.Create_Notes_All_Negative_TCS" name="createNotes_TCS" time="0.355"/>
  <testcase classname="com.Notes.Create_Notes_All_Negative_TCS" name="createNotes_TCS" time="0.376"/>
  <testcase classname="com.Notes.Create_Notes_All_Negative_TCS" name="createNotes_TCS" time="0.361"/>
  <testcase classname="com.Notes.Create_Notes_All_Negative_TCS" name="createNotes_TCS" time="0.362"/>
  <testcase classname="com.Notes.Create_Notes_All_Negative_TCS" name="createNotes_TCS" time="0.364"/>
  <testcase classname="com.Notes.Delete_Notes_Using_UI" name="createNotes" time="0.46"/>
  <testcase classname="com.Notes.Delete_Notes_Using_UI" name="DeleteNotes" time="10.363">
    <failure type="org.openqa.selenium.ElementClickInterceptedException" message="element click intercepted: Element &amp;lt;button data-testid=&amp;quot;note-delete&amp;quot; class=&amp;quot;btn btn-outline-danger&amp;quot;&amp;gt;...&amp;lt;/button&amp;gt; is not clickable at point (507, 19). Other element would receive the click: &amp;lt;a class=&amp;quot;nav-link p-2&amp;quot; href=&amp;quot;/tips&amp;quot;&amp;gt;...&amp;lt;/a&amp;gt;
  (Session info: chrome=131.0.6778.205)
Build info: version: &amp;apos;4.20.0&amp;apos;, revision: &amp;apos;866c76ca80&amp;apos;
System info: os.name: &amp;apos;Windows Server 2022&amp;apos;, os.arch: &amp;apos;amd64&amp;apos;, os.version: &amp;apos;10.0&amp;apos;, java.version: &amp;apos;21.0.5&amp;apos;
Driver info: org.openqa.selenium.chrome.ChromeDriver
Command: [6881fb5dbaa9cc50900ce9a0f268afda, clickElement {id=f.9C342A561954CF978296BB748DF965DA.d.B61366A964BC2D63455D9F94B6D9CBFB.e.63}]
Capabilities {acceptInsecureCerts: false, browserName: chrome, browserVersion: 131.0.6778.205, chrome: {chromedriverVersion: 131.0.6778.204 (52183f9e99a..., userDataDir: C:\Windows\SystemTemp\scope...}, fedcm:accounts: true, goog:chromeOptions: {debuggerAddress: localhost:55633}, networkConnectionEnabled: false, pageLoadStrategy: normal, platformName: windows, proxy: Proxy(), se:cdp: ws://localhost:55633/devtoo..., se:cdpVersion: 131.0.6778.205, setWindowRect: true, strictFileInteractability: false, timeouts: {implicit: 0, pageLoad: 300000, script: 30000}, unhandledPromptBehavior: dismiss and notify, webauthn:extension:credBlob: true, webauthn:extension:largeBlob: true, webauthn:extension:minPinLength: true, webauthn:extension:prf: true, webauthn:virtualAuthenticators: true}
Element: [[ChromeDriver: chrome on windows (6881fb5dbaa9cc50900ce9a0f268afda)] -&amp;gt; xpath: //div[text()=&amp;apos;API807&amp;apos;]//following-sibling::div/div/button[normalize-space()=&amp;apos;Delete&amp;apos;]]
Session ID: 6881fb5dbaa9cc50900ce9a0f268afda">
      <![CDATA[org.openqa.selenium.ElementClickInterceptedException: element click intercepted: Element <button data-testid="note-delete" class="btn btn-outline-danger">...</button> is not clickable at point (507, 19). Other element would receive the click: <a class="nav-link p-2" href="/tips">...</a>
  (Session info: chrome=131.0.6778.205)
Build info: version: '4.20.0', revision: '866c76ca80'
System info: os.name: 'Windows Server 2022', os.arch: 'amd64', os.version: '10.0', java.version: '21.0.5'
Driver info: org.openqa.selenium.chrome.ChromeDriver
Command: [6881fb5dbaa9cc50900ce9a0f268afda, clickElement {id=f.9C342A561954CF978296BB748DF965DA.d.B61366A964BC2D63455D9F94B6D9CBFB.e.63}]
Capabilities {acceptInsecureCerts: false, browserName: chrome, browserVersion: 131.0.6778.205, chrome: {chromedriverVersion: 131.0.6778.204 (52183f9e99a..., userDataDir: C:\Windows\SystemTemp\scope...}, fedcm:accounts: true, goog:chromeOptions: {debuggerAddress: localhost:55633}, networkConnectionEnabled: false, pageLoadStrategy: normal, platformName: windows, proxy: Proxy(), se:cdp: ws://localhost:55633/devtoo..., se:cdpVersion: 131.0.6778.205, setWindowRect: true, strictFileInteractability: false, timeouts: {implicit: 0, pageLoad: 300000, script: 30000}, unhandledPromptBehavior: dismiss and notify, webauthn:extension:credBlob: true, webauthn:extension:largeBlob: true, webauthn:extension:minPinLength: true, webauthn:extension:prf: true, webauthn:virtualAuthenticators: true}
Element: [[ChromeDriver: chrome on windows (6881fb5dbaa9cc50900ce9a0f268afda)] -> xpath: //div[text()='API807']//following-sibling::div/div/button[normalize-space()='Delete']]
Session ID: 6881fb5dbaa9cc50900ce9a0f268afda
at org.openqa.selenium.remote.ErrorCodec.decode(ErrorCodec.java:167)
at org.openqa.selenium.remote.codec.w3c.W3CHttpResponseCodec.decode(W3CHttpResponseCodec.java:138)
at org.openqa.selenium.remote.codec.w3c.W3CHttpResponseCodec.decode(W3CHttpResponseCodec.java:50)
at org.openqa.selenium.remote.HttpCommandExecutor.execute(HttpCommandExecutor.java:190)
at org.openqa.selenium.remote.service.DriverCommandExecutor.invokeExecute(DriverCommandExecutor.java:216)
at org.openqa.selenium.remote.service.DriverCommandExecutor.execute(DriverCommandExecutor.java:174)
at org.openqa.selenium.remote.RemoteWebDriver.execute(RemoteWebDriver.java:518)
at org.openqa.selenium.remote.RemoteWebElement.execute(RemoteWebElement.java:223)
at org.openqa.selenium.remote.RemoteWebElement.click(RemoteWebElement.java:76)
at com.Notes.Delete_Notes_Using_UI.DeleteNotes(Delete_Notes_Using_UI.java:95)
at java.base/java.util.ArrayList.forEach(ArrayList.java:1596)
... Removed 28 stack frames]]>
    </failure>
  </testcase> <!-- DeleteNotes -->
</testsuite> <!-- Test -->
